<?xml version="1.0" encoding="UTF-8"?>
<!-- Generated by org.testng.reporters.JUnitXMLReporter -->
<testsuite ignored="1" hostname="DESKTOP-4VA98U9" failures="0" tests="3" name="Default test" time="5.968" errors="0" timestamp="2024-02-22T16:25:07 IST">
  <testcase classname="api.test.DDTests" name="testPostuser" time="2.318"/>
  <testcase classname="api.test.DDTests" name="testPostuser" time="1.51"/>
  <testcase classname="api.test.DDTests" name="testPostuser" time="1.486"/>
  <testcase classname="api.test.DDTests" name="testDeleteUserByName" time="0.0">
    <ignored/>
  </testcase> <!-- testDeleteUserByName -->
</testsuite> <!-- Default test -->
